<?xml version="1.0" encoding="UTF-8"?>
<testng-results ignored="0" total="1" passed="1" failed="0" skipped="0">
  <reporter-output>
  </reporter-output>
  <suite started-at="2023-02-28T12:39:51 IST" name="Default suite" finished-at="2023-02-28T12:39:51 IST" duration-ms="58">
    <groups>
    </groups>
    <test started-at="2023-02-28T12:39:51 IST" name="Default test" finished-at="2023-02-28T12:39:51 IST" duration-ms="58">
      <class name="hello.NewTest">
        <test-method signature="f()[pri:0, instance:hello.NewTest@51e5fc98]" started-at="2023-02-28T12:39:51 IST" name="f" finished-at="2023-02-28T12:39:51 IST" duration-ms="14" status="PASS">
          <reporter-output>
          </reporter-output>
        </test-method> <!-- f -->
      </class> <!-- hello.NewTest -->
    </test> <!-- Default test -->
  </suite> <!-- Default suite -->
</testng-results>
